<?xml version="1.0" encoding="UTF-8"?>
<!-- Generated by org.testng.reporters.JUnitXMLReporter -->
<testsuite ignored="0" hostname="DESKTOP-KARKID0" failures="0" tests="12" name="Default test" time="18.843" errors="0" timestamp="2024-07-02T10:56:39 IST">
  <testcase classname="api.testcases.user_dataDriven_TC" name="testCreateUser" time="3.416"/>
  <testcase classname="api.testcases.user_dataDriven_TC" name="testCreateUser" time="1.118"/>
  <testcase classname="api.testcases.user_dataDriven_TC" name="testCreateUser" time="1.128"/>
  <testcase classname="api.testcases.user_dataDriven_TC" name="testCreateUser" time="1.125"/>
  <testcase classname="api.testcases.user_dataDriven_TC" name="getUser" time="2.146"/>
  <testcase classname="api.testcases.user_dataDriven_TC" name="getUser" time="1.101"/>
  <testcase classname="api.testcases.user_dataDriven_TC" name="getUser" time="1.228"/>
  <testcase classname="api.testcases.user_dataDriven_TC" name="getUser" time="1.147"/>
  <testcase classname="api.testcases.user_dataDriven_TC" name="deleteUser" time="1.116"/>
  <testcase classname="api.testcases.user_dataDriven_TC" name="deleteUser" time="1.109"/>
  <testcase classname="api.testcases.user_dataDriven_TC" name="deleteUser" time="1.118"/>
  <testcase classname="api.testcases.user_dataDriven_TC" name="deleteUser" time="1.118"/>
</testsuite> <!-- Default test -->
