<?xml version="1.0" encoding="UTF-8"?>
<!-- Generated by org.testng.reporters.JUnitXMLReporter -->
<testsuite ignored="0" hostname="DESKTOP-KARKID0" failures="0" tests="12" name="Test" time="28.41" errors="0" timestamp="2024-07-02T13:57:04 IST">
  <testcase classname="api.testcases.user_dataDriven_TC" name="testCreateUser" time="12.216"/>
  <testcase classname="api.testcases.user_dataDriven_TC" name="testCreateUser" time="1.452"/>
  <testcase classname="api.testcases.user_dataDriven_TC" name="testCreateUser" time="1.188"/>
  <testcase classname="api.testcases.user_dataDriven_TC" name="testCreateUser" time="1.356"/>
  <testcase classname="api.testcases.user_dataDriven_TC" name="getUser" time="1.104"/>
  <testcase classname="api.testcases.user_dataDriven_TC" name="getUser" time="1.159"/>
  <testcase classname="api.testcases.user_dataDriven_TC" name="getUser" time="1.092"/>
  <testcase classname="api.testcases.user_dataDriven_TC" name="getUser" time="1.125"/>
  <testcase classname="api.testcases.user_dataDriven_TC" name="deleteUser" time="1.14"/>
  <testcase classname="api.testcases.user_dataDriven_TC" name="deleteUser" time="1.092"/>
  <testcase classname="api.testcases.user_dataDriven_TC" name="deleteUser" time="1.172"/>
  <testcase classname="api.testcases.user_dataDriven_TC" name="deleteUser" time="1.141"/>
</testsuite> <!-- Test -->
