<?xml version="1.0" encoding="UTF-8"?>
<testng-results ignored="0" total="4" passed="4" failed="0" skipped="0">
  <reporter-output>
  </reporter-output>
  <suite started-at="2024-07-02T15:58:11 IST" name="Default suite" finished-at="2024-07-02T15:58:19 IST" duration-ms="8178">
    <groups>
    </groups>
    <test started-at="2024-07-02T15:58:11 IST" name="Default test" finished-at="2024-07-02T15:58:19 IST" duration-ms="8178">
      <class name="api.testcases.user_properties_datadriven">
        <test-method is-config="true" signature="generateTestData()[pri:0, instance:api.testcases.user_properties_datadriven@496bc455]" started-at="2024-07-02T15:58:11 IST" name="generateTestData" finished-at="2024-07-02T15:58:11 IST" duration-ms="311" status="PASS">
          <reporter-output>
          </reporter-output>
        </test-method> <!-- generateTestData -->
        <test-method signature="create_user()[pri:1, instance:api.testcases.user_properties_datadriven@496bc455]" started-at="2024-07-02T15:58:11 IST" name="create_user" finished-at="2024-07-02T15:58:15 IST" duration-ms="4297" status="PASS">
          <reporter-output>
          </reporter-output>
        </test-method> <!-- create_user -->
        <test-method signature="getUser()[pri:2, instance:api.testcases.user_properties_datadriven@496bc455]" started-at="2024-07-02T15:58:15 IST" name="getUser" finished-at="2024-07-02T15:58:16 IST" duration-ms="1163" status="PASS">
          <reporter-output>
          </reporter-output>
        </test-method> <!-- getUser -->
        <test-method signature="updateUser()[pri:3, instance:api.testcases.user_properties_datadriven@496bc455]" started-at="2024-07-02T15:58:16 IST" name="updateUser" finished-at="2024-07-02T15:58:18 IST" duration-ms="1238" status="PASS">
          <reporter-output>
          </reporter-output>
        </test-method> <!-- updateUser -->
        <test-method signature="deleteUser()[pri:4, instance:api.testcases.user_properties_datadriven@496bc455]" started-at="2024-07-02T15:58:18 IST" name="deleteUser" finished-at="2024-07-02T15:58:19 IST" duration-ms="1084" status="PASS">
          <reporter-output>
          </reporter-output>
        </test-method> <!-- deleteUser -->
      </class> <!-- api.testcases.user_properties_datadriven -->
    </test> <!-- Default test -->
  </suite> <!-- Default suite -->
</testng-results>
