<?xml version="1.0" encoding="UTF-8"?>
<testng-results ignored="0" total="12" passed="12" failed="0" skipped="0">
  <reporter-output>
  </reporter-output>
  <suite started-at="2024-07-02T13:56:35 IST" name="Suite" finished-at="2024-07-02T13:57:04 IST" duration-ms="28410">
    <groups>
    </groups>
    <test started-at="2024-07-02T13:56:35 IST" name="Test" finished-at="2024-07-02T13:57:04 IST" duration-ms="28410">
      <class name="api.testcases.user_dataDriven_TC">
        <test-method signature="testCreateUser(java.lang.String,java.lang.String,java.lang.String,java.lang.String,java.lang.String,java.lang.String,java.lang.String)[pri:1, instance:api.testcases.user_dataDriven_TC@19e4653c]" started-at="2024-07-02T13:56:38 IST" name="testCreateUser" data-provider="AllData" finished-at="2024-07-02T13:56:50 IST" duration-ms="12216" status="PASS">
          <params>
            <param index="0">
              <value>
                <![CDATA[2020]]>
              </value>
            </param>
            <param index="1">
              <value>
                <![CDATA[user1]]>
              </value>
            </param>
            <param index="2">
              <value>
                <![CDATA[Jeevan]]>
              </value>
            </param>
            <param index="3">
              <value>
                <![CDATA[Bandal]]>
              </value>
            </param>
            <param index="4">
              <value>
                <![CDATA[a@gmail.com]]>
              </value>
            </param>
            <param index="5">
              <value>
                <![CDATA[test@1]]>
              </value>
            </param>
            <param index="6">
              <value>
                <![CDATA[1234567897]]>
              </value>
            </param>
          </params>
          <reporter-output>
          </reporter-output>
        </test-method> <!-- testCreateUser -->
        <test-method signature="testCreateUser(java.lang.String,java.lang.String,java.lang.String,java.lang.String,java.lang.String,java.lang.String,java.lang.String)[pri:1, instance:api.testcases.user_dataDriven_TC@19e4653c]" started-at="2024-07-02T13:56:50 IST" name="testCreateUser" data-provider="AllData" finished-at="2024-07-02T13:56:52 IST" duration-ms="1452" status="PASS">
          <params>
            <param index="0">
              <value>
                <![CDATA[2021]]>
              </value>
            </param>
            <param index="1">
              <value>
                <![CDATA[user2]]>
              </value>
            </param>
            <param index="2">
              <value>
                <![CDATA[Abhilash]]>
              </value>
            </param>
            <param index="3">
              <value>
                <![CDATA[Shinde]]>
              </value>
            </param>
            <param index="4">
              <value>
                <![CDATA[b@gmail.com]]>
              </value>
            </param>
            <param index="5">
              <value>
                <![CDATA[test@2]]>
              </value>
            </param>
            <param index="6">
              <value>
                <![CDATA[1234567897]]>
              </value>
            </param>
          </params>
          <reporter-output>
          </reporter-output>
        </test-method> <!-- testCreateUser -->
        <test-method signature="testCreateUser(java.lang.String,java.lang.String,java.lang.String,java.lang.String,java.lang.String,java.lang.String,java.lang.String)[pri:1, instance:api.testcases.user_dataDriven_TC@19e4653c]" started-at="2024-07-02T13:56:52 IST" name="testCreateUser" data-provider="AllData" finished-at="2024-07-02T13:56:53 IST" duration-ms="1188" status="PASS">
          <params>
            <param index="0">
              <value>
                <![CDATA[2022]]>
              </value>
            </param>
            <param index="1">
              <value>
                <![CDATA[user3]]>
              </value>
            </param>
            <param index="2">
              <value>
                <![CDATA[Omkar]]>
              </value>
            </param>
            <param index="3">
              <value>
                <![CDATA[Gurav]]>
              </value>
            </param>
            <param index="4">
              <value>
                <![CDATA[c@gmail.com]]>
              </value>
            </param>
            <param index="5">
              <value>
                <![CDATA[test@3]]>
              </value>
            </param>
            <param index="6">
              <value>
                <![CDATA[1234567897]]>
              </value>
            </param>
          </params>
          <reporter-output>
          </reporter-output>
        </test-method> <!-- testCreateUser -->
        <test-method signature="testCreateUser(java.lang.String,java.lang.String,java.lang.String,java.lang.String,java.lang.String,java.lang.String,java.lang.String)[pri:1, instance:api.testcases.user_dataDriven_TC@19e4653c]" started-at="2024-07-02T13:56:53 IST" name="testCreateUser" data-provider="AllData" finished-at="2024-07-02T13:56:54 IST" duration-ms="1356" status="PASS">
          <params>
            <param index="0">
              <value>
                <![CDATA[2024]]>
              </value>
            </param>
            <param index="1">
              <value>
                <![CDATA[user4]]>
              </value>
            </param>
            <param index="2">
              <value>
                <![CDATA[Ajay]]>
              </value>
            </param>
            <param index="3">
              <value>
                <![CDATA[gaikwad]]>
              </value>
            </param>
            <param index="4">
              <value>
                <![CDATA[c@gmail.com]]>
              </value>
            </param>
            <param index="5">
              <value>
                <![CDATA[test@4]]>
              </value>
            </param>
            <param index="6">
              <value>
                <![CDATA[1234567897]]>
              </value>
            </param>
          </params>
          <reporter-output>
          </reporter-output>
        </test-method> <!-- testCreateUser -->
        <test-method signature="getUser(java.lang.String)[pri:2, instance:api.testcases.user_dataDriven_TC@19e4653c]" started-at="2024-07-02T13:56:54 IST" name="getUser" data-provider="usernameData" finished-at="2024-07-02T13:56:55 IST" duration-ms="1104" status="PASS">
          <params>
            <param index="0">
              <value>
                <![CDATA[user1]]>
              </value>
            </param>
          </params>
          <reporter-output>
          </reporter-output>
        </test-method> <!-- getUser -->
        <test-method signature="getUser(java.lang.String)[pri:2, instance:api.testcases.user_dataDriven_TC@19e4653c]" started-at="2024-07-02T13:56:55 IST" name="getUser" data-provider="usernameData" finished-at="2024-07-02T13:56:57 IST" duration-ms="1159" status="PASS">
          <params>
            <param index="0">
              <value>
                <![CDATA[user2]]>
              </value>
            </param>
          </params>
          <reporter-output>
          </reporter-output>
        </test-method> <!-- getUser -->
        <test-method signature="getUser(java.lang.String)[pri:2, instance:api.testcases.user_dataDriven_TC@19e4653c]" started-at="2024-07-02T13:56:57 IST" name="getUser" data-provider="usernameData" finished-at="2024-07-02T13:56:58 IST" duration-ms="1092" status="PASS">
          <params>
            <param index="0">
              <value>
                <![CDATA[user3]]>
              </value>
            </param>
          </params>
          <reporter-output>
          </reporter-output>
        </test-method> <!-- getUser -->
        <test-method signature="getUser(java.lang.String)[pri:2, instance:api.testcases.user_dataDriven_TC@19e4653c]" started-at="2024-07-02T13:56:58 IST" name="getUser" data-provider="usernameData" finished-at="2024-07-02T13:56:59 IST" duration-ms="1125" status="PASS">
          <params>
            <param index="0">
              <value>
                <![CDATA[user4]]>
              </value>
            </param>
          </params>
          <reporter-output>
          </reporter-output>
        </test-method> <!-- getUser -->
        <test-method signature="deleteUser(java.lang.String)[pri:3, instance:api.testcases.user_dataDriven_TC@19e4653c]" started-at="2024-07-02T13:56:59 IST" name="deleteUser" data-provider="usernameData" finished-at="2024-07-02T13:57:00 IST" duration-ms="1140" status="PASS">
          <params>
            <param index="0">
              <value>
                <![CDATA[user1]]>
              </value>
            </param>
          </params>
          <reporter-output>
          </reporter-output>
        </test-method> <!-- deleteUser -->
        <test-method signature="deleteUser(java.lang.String)[pri:3, instance:api.testcases.user_dataDriven_TC@19e4653c]" started-at="2024-07-02T13:57:00 IST" name="deleteUser" data-provider="usernameData" finished-at="2024-07-02T13:57:01 IST" duration-ms="1092" status="PASS">
          <params>
            <param index="0">
              <value>
                <![CDATA[user2]]>
              </value>
            </param>
          </params>
          <reporter-output>
          </reporter-output>
        </test-method> <!-- deleteUser -->
        <test-method signature="deleteUser(java.lang.String)[pri:3, instance:api.testcases.user_dataDriven_TC@19e4653c]" started-at="2024-07-02T13:57:01 IST" name="deleteUser" data-provider="usernameData" finished-at="2024-07-02T13:57:02 IST" duration-ms="1172" status="PASS">
          <params>
            <param index="0">
              <value>
                <![CDATA[user3]]>
              </value>
            </param>
          </params>
          <reporter-output>
          </reporter-output>
        </test-method> <!-- deleteUser -->
        <test-method signature="deleteUser(java.lang.String)[pri:3, instance:api.testcases.user_dataDriven_TC@19e4653c]" started-at="2024-07-02T13:57:02 IST" name="deleteUser" data-provider="usernameData" finished-at="2024-07-02T13:57:04 IST" duration-ms="1141" status="PASS">
          <params>
            <param index="0">
              <value>
                <![CDATA[user4]]>
              </value>
            </param>
          </params>
          <reporter-output>
          </reporter-output>
        </test-method> <!-- deleteUser -->
      </class> <!-- api.testcases.user_dataDriven_TC -->
    </test> <!-- Test -->
  </suite> <!-- Suite -->
</testng-results>
